{"/Users/ricardo/Sites/sandbox/job-search/src/components/ActionButton.vue": {"path":"/Users/ricardo/Sites/sandbox/job-search/src/components/ActionButton.vue","statementMap":{"0":{"start":{"line":4,"column":0},"end":{"line":6,"column":3}},"1":{"start":{"line":7,"column":0},"end":{"line":7,"column":25}},"2":{"start":{"line":8,"column":15},"end":{"line":10,"column":1}},"3":{"start":{"line":13,"column":0},"end":{"line":13,"column":13}},"4":{"start":{"line":15,"column":0},"end":{"line":17,"column":3}},"5":{"start":{"line":18,"column":0},"end":{"line":18,"column":24}},"6":{"start":{"line":19,"column":11},"end":{"line":19,"column":25}},"7":{"start":{"line":20,"column":19},"end":{"line":22,"column":1}},"8":{"start":{"line":24,"column":2},"end":{"line":24,"column":96}},"9":{"start":{"line":25,"column":2},"end":{"line":25,"column":49}}},"fnMap":{"0":{"name":"render","decl":{"start":{"line":23,"column":9},"end":{"line":23,"column":15}},"loc":{"start":{"line":23,"column":30},"end":{"line":25,"column":1}},"line":23}},"branchMap":{},"s":{"0":1,"1":1,"2":1,"3":1,"4":1,"5":1,"6":1,"7":1,"8":3,"9":1},"f":{"0":3},"b":{},"inputSourceMap":{"0":"{","1":"\"","2":"v","3":"e","4":"r","5":"s","6":"i","7":"o","8":"n","9":"\"","10":":","11":"3","12":",","13":"\"","14":"s","15":"o","16":"u","17":"r","18":"c","19":"e","20":"s","21":"\"","22":":","23":"[","24":"\"","25":"/","26":"U","27":"s","28":"e","29":"r","30":"s","31":"/","32":"r","33":"i","34":"c","35":"a","36":"r","37":"d","38":"o","39":"/","40":"S","41":"i","42":"t","43":"e","44":"s","45":"/","46":"s","47":"a","48":"n","49":"d","50":"b","51":"o","52":"x","53":"/","54":"j","55":"o","56":"b","57":"-","58":"s","59":"e","60":"a","61":"r","62":"c","63":"h","64":"/","65":"s","66":"r","67":"c","68":"/","69":"c","70":"o","71":"m","72":"p","73":"o","74":"n","75":"e","76":"n","77":"t","78":"s","79":"/","80":"A","81":"c","82":"t","83":"i","84":"o","85":"n","86":"B","87":"u","88":"t","89":"t","90":"o","91":"n","92":".","93":"v","94":"u","95":"e","96":"\"","97":"]","98":",","99":"\"","100":"n","101":"a","102":"m","103":"e","104":"s","105":"\"","106":":","107":"[","108":"]","109":",","110":"\"","111":"m","112":"a","113":"p","114":"p","115":"i","116":"n","117":"g","118":"s","119":"\"","120":":","121":"\"","122":";","123":";","124":";","125":";","126":";","127":";","128":";","129":"e","130":"A","131":"S","132":"e","133":";","134":"E","135":"A","136":"C","137":"b","138":",","139":"I","140":"A","141":"A","142":"I","143":",","144":"E","145":"A","146":"A","147":"E","148":";","149":"A","150":"A","151":"C","152":"R","153":",","154":"C","155":"A","156":"A","157":"C","158":";","159":"A","160":"A","161":"A","162":"A","163":";","164":"A","165":"A","166":"A","167":"A","168":"\"","169":",","170":"\"","171":"f","172":"i","173":"l","174":"e","175":"\"","176":":","177":"\"","178":"/","179":"U","180":"s","181":"e","182":"r","183":"s","184":"/","185":"r","186":"i","187":"c","188":"a","189":"r","190":"d","191":"o","192":"/","193":"S","194":"i","195":"t","196":"e","197":"s","198":"/","199":"s","200":"a","201":"n","202":"d","203":"b","204":"o","205":"x","206":"/","207":"j","208":"o","209":"b","210":"-","211":"s","212":"e","213":"a","214":"r","215":"c","216":"h","217":"/","218":"s","219":"r","220":"c","221":"/","222":"c","223":"o","224":"m","225":"p","226":"o","227":"n","228":"e","229":"n","230":"t","231":"s","232":"/","233":"A","234":"c","235":"t","236":"i","237":"o","238":"n","239":"B","240":"u","241":"t","242":"t","243":"o","244":"n","245":".","246":"v","247":"u","248":"e","249":"\"","250":",","251":"\"","252":"s","253":"o","254":"u","255":"r","256":"c","257":"e","258":"s","259":"C","260":"o","261":"n","262":"t","263":"e","264":"n","265":"t","266":"\"","267":":","268":"[","269":"\"","270":"<","271":"t","272":"e","273":"m","274":"p","275":"l","276":"a","277":"t","278":"e","279":">","280":"\\","281":"n","282":" ","283":" ","284":"<","285":"b","286":"u","287":"t","288":"t","289":"o","290":"n","291":"\\","292":"n","293":" ","294":" ","295":" ","296":" ","297":"c","298":"l","299":"a","300":"s","301":"s","302":"=","303":"\\","304":"\"","305":"p","306":"x","307":"-","308":"5","309":" ","310":"p","311":"y","312":"-","313":"3","314":" ","315":"f","316":"o","317":"n","318":"t","319":"-","320":"m","321":"e","322":"d","323":"i","324":"u","325":"m","326":" ","327":"t","328":"e","329":"x","330":"t","331":"-","332":"w","333":"h","334":"i","335":"t","336":"e","337":" ","338":"b","339":"o","340":"r","341":"d","342":"e","343":"r","344":"-","345":"0","346":" ","347":"r","348":"o","349":"u","350":"n","351":"d","352":"e","353":"d","354":" ","355":"b","356":"g","357":"-","358":"b","359":"r","360":"a","361":"n","362":"d","363":"-","364":"b","365":"l","366":"u","367":"e","368":"-","369":"1","370":" ","371":"h","372":"o","373":"v","374":"e","375":"r","376":":","377":"s","378":"h","379":"a","380":"d","381":"o","382":"w","383":"-","384":"b","385":"l","386":"u","387":"e","388":"\\","389":"\"","390":"\\","391":"n","392":" ","393":" ","394":">","395":"\\","396":"n","397":" ","398":" ","399":" ","400":" ","401":"S","402":"i","403":"g","404":"n","405":" ","406":"i","407":"n","408":"\\","409":"n","410":" ","411":" ","412":"<","413":"/","414":"b","415":"u","416":"t","417":"t","418":"o","419":"n","420":">","421":"\\","422":"n","423":"<","424":"/","425":"t","426":"e","427":"m","428":"p","429":"l","430":"a","431":"t","432":"e","433":">","434":"\\","435":"n","436":"\\","437":"n","438":"<","439":"s","440":"c","441":"r","442":"i","443":"p","444":"t","445":">","446":"\\","447":"n","448":"e","449":"x","450":"p","451":"o","452":"r","453":"t","454":" ","455":"d","456":"e","457":"f","458":"a","459":"u","460":"l","461":"t","462":" ","463":"{","464":"\\","465":"n","466":" ","467":" ","468":"n","469":"a","470":"m","471":"e","472":":","473":" ","474":"\\","475":"\"","476":"A","477":"c","478":"t","479":"i","480":"o","481":"n","482":"B","483":"u","484":"t","485":"t","486":"o","487":"n","488":"\\","489":"\"","490":",","491":"\\","492":"n","493":"}","494":";","495":"\\","496":"n","497":"<","498":"/","499":"s","500":"c","501":"r","502":"i","503":"p","504":"t","505":">","506":"\\","507":"n","508":"\"","509":"]","510":"}"},"_coverageSchema":"1a1c01bbd47fc00a2c39e90264f33305004495a9","hash":"195a3023b91067703da1c01ed5f82ed3f5d6c6e3"}
,"/Users/ricardo/Sites/sandbox/job-search/src/components/MainNav.vue": {"path":"/Users/ricardo/Sites/sandbox/job-search/src/components/MainNav.vue","statementMap":{"0":{"start":{"line":4,"column":29},"end":{"line":4,"column":148}},"1":{"start":{"line":5,"column":0},"end":{"line":7,"column":3}},"2":{"start":{"line":8,"column":0},"end":{"line":8,"column":25}},"3":{"start":{"line":46,"column":0},"end":{"line":46,"column":13}},"4":{"start":{"line":48,"column":0},"end":{"line":50,"column":3}},"5":{"start":{"line":51,"column":0},"end":{"line":51,"column":24}},"6":{"start":{"line":52,"column":11},"end":{"line":52,"column":25}},"7":{"start":{"line":53,"column":19},"end":{"line":55,"column":1}},"8":{"start":{"line":56,"column":19},"end":{"line":58,"column":1}},"9":{"start":{"line":59,"column":19},"end":{"line":61,"column":1}},"10":{"start":{"line":62,"column":19},"end":{"line":62,"column":27}},"11":{"start":{"line":63,"column":19},"end":{"line":65,"column":1}},"12":{"start":{"line":66,"column":19},"end":{"line":68,"column":1}},"13":{"start":{"line":69,"column":19},"end":{"line":72,"column":1}},"14":{"start":{"line":73,"column":19},"end":{"line":75,"column":1}},"15":{"start":{"line":77,"column":35},"end":{"line":77,"column":78}},"16":{"start":{"line":78,"column":35},"end":{"line":78,"column":78}},"17":{"start":{"line":79,"column":2},"end":{"line":95,"column":49}},"18":{"start":{"line":83,"column":4},"end":{"line":87,"column":107}},"19":{"start":{"line":96,"column":2},"end":{"line":96,"column":49}}},"fnMap":{"0":{"name":"render","decl":{"start":{"line":76,"column":9},"end":{"line":76,"column":15}},"loc":{"start":{"line":76,"column":30},"end":{"line":96,"column":1}},"line":76},"1":{"name":"(anonymous_1)","decl":{"start":{"line":82,"column":292},"end":{"line":82,"column":293}},"loc":{"start":{"line":82,"column":304},"end":{"line":88,"column":3}},"line":82}},"branchMap":{"0":{"loc":{"start":{"line":88,"column":87},"end":{"line":95,"column":40}},"type":"cond-expr","locations":[{"start":{"line":88,"column":106},"end":{"line":91,"column":4}},{"start":{"line":91,"column":9},"end":{"line":95,"column":39}}],"line":88}},"s":{"0":1,"1":1,"2":1,"3":1,"4":1,"5":1,"6":1,"7":1,"8":1,"9":1,"10":1,"11":1,"12":1,"13":1,"14":1,"15":4,"16":4,"17":4,"18":24,"19":1},"f":{"0":4,"1":24},"b":{"0":[1,3]},"inputSourceMap":{"0":"{","1":"\"","2":"v","3":"e","4":"r","5":"s","6":"i","7":"o","8":"n","9":"\"","10":":","11":"3","12":",","13":"\"","14":"s","15":"o","16":"u","17":"r","18":"c","19":"e","20":"s","21":"\"","22":":","23":"[","24":"\"","25":"/","26":"U","27":"s","28":"e","29":"r","30":"s","31":"/","32":"r","33":"i","34":"c","35":"a","36":"r","37":"d","38":"o","39":"/","40":"S","41":"i","42":"t","43":"e","44":"s","45":"/","46":"s","47":"a","48":"n","49":"d","50":"b","51":"o","52":"x","53":"/","54":"j","55":"o","56":"b","57":"-","58":"s","59":"e","60":"a","61":"r","62":"c","63":"h","64":"/","65":"s","66":"r","67":"c","68":"/","69":"c","70":"o","71":"m","72":"p","73":"o","74":"n","75":"e","76":"n","77":"t","78":"s","79":"/","80":"M","81":"a","82":"i","83":"n","84":"N","85":"a","86":"v","87":".","88":"v","89":"u","90":"e","91":"\"","92":"]","93":",","94":"\"","95":"n","96":"a","97":"m","98":"e","99":"s","100":"\"","101":":","102":"[","103":"]","104":",","105":"\"","106":"m","107":"a","108":"p","109":"p","110":"i","111":"n","112":"g","113":"s","114":"\"","115":":","116":"\"","117":";","118":";","119":";","120":";","121":";","122":";","123":";","124":";","125":"A","126":"A","127":"k","128":"C","129":"A","130":";","131":"A","132":"A","133":"A","134":"A","135":";","136":"A","137":"A","138":"A","139":"A","140":";","141":"A","142":"A","143":"C","144":"A","145":";","146":"A","147":"A","148":"A","149":"A","150":";","151":"A","152":"A","153":"A","154":"A","155":";","156":"A","157":"A","158":"A","159":"y","160":"D","161":";","162":"A","163":"A","164":"A","165":"A","166":",","167":"e","168":"A","169":"E","170":"1","171":"C","172":";","173":"E","174":"A","175":"C","176":"b","177":",","178":"I","179":"A","180":"A","181":"I","182":",","183":"E","184":"A","185":"A","186":"E","187":",","188":"S","189":"A","190":"A","191":"S","192":";","193":"E","194":"A","195":"C","196":"f","197":",","198":"U","199":"A","200":"A","201":"U","202":",","203":"E","204":"A","205":"A","206":"E","207":";","208":"I","209":"A","210":"C","211":"V","212":",","213":"Y","214":"A","215":"A","216":"Y","217":";","218":"I","219":"A","220":"A","221":"Z","222":";","223":"I","224":"A","225":"A","226":"A","227":";","228":"I","229":"A","230":"A","231":"A","232":";","233":"I","234":"A","235":"A","236":"A","237":",","238":"O","239":"A","240":"A","241":"Y","242":";","243":"I","244":"A","245":"C","246":"Z","247":",","248":"Y","249":"A","250":"A","251":"Y","252":";","253":"I","254":"A","255":"A","256":"Z","257":";","258":"I","259":"A","260":"A","261":"A","262":";","263":"I","264":"A","265":"A","266":"A","267":";","268":"I","269":"A","270":"A","271":"A","272":";","273":"E","274":"A","275":"C","276":"F","277":",","278":"C","279":"A","280":"A","281":"C","282":";","283":"E","284":"A","285":"C","286":"D","287":",","288":"I","289":"A","290":"A","291":"I","292":",","293":"G","294":"A","295":"A","296":"G","297":";","298":"I","299":"A","300":"C","301":"L","302":",","303":"O","304":"A","305":"A","306":"O","307":";","308":"M","309":"A","310":"C","311":"L","312":",","313":"O","314":"A","315":"A","316":"O","317":",","318":"E","319":"A","320":"A","321":"E","322":",","323":"c","324":"A","325":"A","326":"c","327":";","328":"M","329":"A","330":"C","331":"v","332":"B","333":",","334":"G","335":"A","336":"A","337":"G","338":",","339":"E","340":"A","341":"A","342":"E","343":",","344":"4","345":"B","346":"A","347":"A","348":"4","349":"B","350":";","351":"M","352":"A","353":"C","354":"j","355":"C","356":",","357":"S","358":"A","359":"A","360":"S","361":",","362":"E","363":"A","364":"A","365":"E","366":",","367":"C","368":"A","369":"C","370":"T","371":",","372":"O","373":"A","374":"A","375":"O","376":",","377":"E","378":"A","379":"C","380":"P","381":",","382":"W","383":"A","384":"A","385":"W","386":",","387":"E","388":"A","389":"C","390":"X","391":",","392":"c","393":"A","394":"A","395":"c","396":",","397":"E","398":"A","399":"C","400":"d","401":",","402":"a","403":"A","404":"A","405":"a","406":",","407":"E","408":"A","409":"C","410":"b","411":",","412":"U","413":"A","414":"A","415":"U","416":",","417":"E","418":"A","419":"C","420":"V","421":",","422":"M","423":"A","424":"A","425":"M","426":",","427":"C","428":"A","429":"C","430":"P","431":";","432":"M","433":"A","434":"C","435":"D","436":",","437":"U","438":"A","439":"A","440":"U","441":",","442":"E","443":"A","444":"A","445":"E","446":";","447":"I","448":"A","449":"C","450":"d","451":",","452":"C","453":"A","454":"A","455":"C","456":";","457":"E","458":"A","459":"C","460":"H","461":",","462":"C","463":"A","464":"A","465":"C","466":";","467":"E","468":"A","469":"C","470":"D","471":",","472":"O","473":"A","474":"A","475":"O","476":",","477":"E","478":"A","479":"A","480":"E","481":";","482":"I","483":"A","484":"C","485":"P","486":",","487":"S","488":"A","489":"A","490":"S","491":",","492":"G","493":"A","494":"A","495":"G","496":";","497":"M","498":"A","499":"C","500":"V","501":",","502":"I","503":"A","504":"A","505":"I","506":",","507":"C","508":"A","509":"A","510":"C","511":",","512":"U","513":"A","514":"A","515":"U","516":",","517":"G","518":"A","519":"A","520":"G","521":",","522":"I","523":"A","524":"A","525":"I","526":";","527":"I","528":"A","529":"C","530":"x","531":"B","532":";","533":"E","534":"A","535":"C","536":"F","537":";","538":"A","539":"A","540":"C","541":"F","542":",","543":"C","544":"A","545":"A","546":"C","547":";","548":"A","549":"A","550":"A","551":"A","552":";","553":"A","554":"A","555":"A","556":"A","557":"\"","558":",","559":"\"","560":"f","561":"i","562":"l","563":"e","564":"\"","565":":","566":"\"","567":"/","568":"U","569":"s","570":"e","571":"r","572":"s","573":"/","574":"r","575":"i","576":"c","577":"a","578":"r","579":"d","580":"o","581":"/","582":"S","583":"i","584":"t","585":"e","586":"s","587":"/","588":"s","589":"a","590":"n","591":"d","592":"b","593":"o","594":"x","595":"/","596":"j","597":"o","598":"b","599":"-","600":"s","601":"e","602":"a","603":"r","604":"c","605":"h","606":"/","607":"s","608":"r","609":"c","610":"/","611":"c","612":"o","613":"m","614":"p","615":"o","616":"n","617":"e","618":"n","619":"t","620":"s","621":"/","622":"M","623":"a","624":"i","625":"n","626":"N","627":"a","628":"v","629":".","630":"v","631":"u","632":"e","633":"\"","634":",","635":"\"","636":"s","637":"o","638":"u","639":"r","640":"c","641":"e","642":"s","643":"C","644":"o","645":"n","646":"t","647":"e","648":"n","649":"t","650":"\"","651":":","652":"[","653":"\"","654":"<","655":"t","656":"e","657":"m","658":"p","659":"l","660":"a","661":"t","662":"e","663":">","664":"\\","665":"n","666":" ","667":" ","668":"<","669":"h","670":"e","671":"a","672":"d","673":"e","674":"r","675":" ","676":"c","677":"l","678":"a","679":"s","680":"s","681":"=","682":"\\","683":"\"","684":"w","685":"-","686":"f","687":"u","688":"l","689":"l","690":" ","691":"t","692":"e","693":"x","694":"t","695":"-","696":"s","697":"m","698":"\\","699":"\"","700":">","701":"\\","702":"n","703":" ","704":" ","705":" ","706":" ","707":"<","708":"d","709":"i","710":"v","711":" ","712":"c","713":"l","714":"a","715":"s","716":"s","717":"=","718":"\\","719":"\"","720":"f","721":"i","722":"x","723":"e","724":"d","725":" ","726":"t","727":"o","728":"p","729":"-","730":"0","731":" ","732":"l","733":"e","734":"f","735":"t","736":"-","737":"0","738":" ","739":"w","740":"-","741":"f","742":"u","743":"l","744":"l","745":" ","746":"h","747":"-","748":"1","749":"6","750":" ","751":"b","752":"g","753":"-","754":"w","755":"h","756":"i","757":"t","758":"e","759":"\\","760":"\"","761":">","762":"\\","763":"n","764":" ","765":" ","766":" ","767":" ","768":" ","769":" ","770":"<","771":"d","772":"i","773":"v","774":"\\","775":"n","776":" ","777":" ","778":" ","779":" ","780":" ","781":" ","782":" ","783":" ","784":"c","785":"l","786":"a","787":"s","788":"s","789":"=","790":"\\","791":"\"","792":"f","793":"l","794":"e","795":"x","796":" ","797":"f","798":"l","799":"e","800":"x","801":"-","802":"n","803":"o","804":"w","805":"r","806":"a","807":"p","808":" ","809":"h","810":"-","811":"f","812":"u","813":"l","814":"l","815":" ","816":"p","817":"x","818":"-","819":"8","820":" ","821":"m","822":"x","823":"-","824":"a","825":"u","826":"t","827":"o","828":" ","829":"b","830":"o","831":"r","832":"d","833":"e","834":"r","835":"-","836":"b","837":" ","838":"b","839":"o","840":"r","841":"d","842":"e","843":"r","844":"-","845":"s","846":"o","847":"l","848":"i","849":"d","850":" ","851":"b","852":"o","853":"r","854":"d","855":"e","856":"r","857":"-","858":"b","859":"r","860":"a","861":"n","862":"d","863":"-","864":"g","865":"r","866":"a","867":"y","868":"-","869":"1","870":"\\","871":"\"","872":"\\","873":"n","874":" ","875":" ","876":" ","877":" ","878":" ","879":" ","880":">","881":"\\","882":"n","883":" ","884":" ","885":" ","886":" ","887":" ","888":" ","889":" ","890":" ","891":"<","892":"a","893":" ","894":":","895":"h","896":"r","897":"e","898":"f","899":"=","900":"\\","901":"\"","902":"u","903":"r","904":"l","905":"\\","906":"\"","907":" ","908":"c","909":"l","910":"a","911":"s","912":"s","913":"=","914":"\\","915":"\"","916":"f","917":"l","918":"e","919":"x","920":" ","921":"i","922":"t","923":"e","924":"m","925":"s","926":"-","927":"c","928":"e","929":"n","930":"t","931":"e","932":"r","933":" ","934":"h","935":"-","936":"f","937":"u","938":"l","939":"l","940":" ","941":"t","942":"e","943":"x","944":"t","945":"-","946":"x","947":"l","948":"\\","949":"\"","950":">","951":"{","952":"{","953":"\\","954":"n","955":" ","956":" ","957":" ","958":" ","959":" ","960":" ","961":" ","962":" ","963":" ","964":" ","965":"c","966":"o","967":"m","968":"p","969":"a","970":"n","971":"y","972":"\\","973":"n","974":" ","975":" ","976":" ","977":" ","978":" ","979":" ","980":" ","981":" ","982":"}","983":"}","984":"<","985":"/","986":"a","987":">","988":"\\","989":"n","990":"\\","991":"n","992":" ","993":" ","994":" ","995":" ","996":" ","997":" ","998":" ","999":" ","1000":"<","1001":"n","1002":"a","1003":"v","1004":" ","1005":"c","1006":"l","1007":"a","1008":"s","1009":"s","1010":"=","1011":"\\","1012":"\"","1013":"h","1014":"-","1015":"f","1016":"u","1017":"l","1018":"l","1019":" ","1020":"m","1021":"-","1022":"1","1023":"2","1024":"\\","1025":"\"","1026":">","1027":"\\","1028":"n","1029":" ","1030":" ","1031":" ","1032":" ","1033":" ","1034":" ","1035":" ","1036":" ","1037":" ","1038":" ","1039":"<","1040":"u","1041":"l","1042":" ","1043":"c","1044":"l","1045":"a","1046":"s","1047":"s","1048":"=","1049":"\\","1050":"\"","1051":"f","1052":"l","1053":"e","1054":"x","1055":" ","1056":"h","1057":"-","1058":"f","1059":"u","1060":"l","1061":"l","1062":" ","1063":"p","1064":"-","1065":"0","1066":" ","1067":"m","1068":"-","1069":"0","1070":" ","1071":"l","1072":"i","1073":"s","1074":"t","1075":"-","1076":"n","1077":"o","1078":"n","1079":"e","1080":"\\","1081":"\"","1082":">","1083":"\\","1084":"n","1085":" ","1086":" ","1087":" ","1088":" ","1089":" ","1090":" ","1091":" ","1092":" ","1093":" ","1094":" ","1095":" ","1096":" ","1097":"<","1098":"l","1099":"i","1100":"\\","1101":"n","1102":" ","1103":" ","1104":" ","1105":" ","1106":" ","1107":" ","1108":" ","1109":" ","1110":" ","1111":" ","1112":" ","1113":" ","1114":" ","1115":" ","1116":"v","1117":"-","1118":"f","1119":"o","1120":"r","1121":"=","1122":"\\","1123":"\"","1124":"m","1125":"e","1126":"n","1127":"u","1128":"I","1129":"t","1130":"e","1131":"m","1132":" ","1133":"i","1134":"n","1135":" ","1136":"m","1137":"e","1138":"n","1139":"u","1140":"I","1141":"t","1142":"e","1143":"m","1144":"s","1145":"\\","1146":"\"","1147":"\\","1148":"n","1149":" ","1150":" ","1151":" ","1152":" ","1153":" ","1154":" ","1155":" ","1156":" ","1157":" ","1158":" ","1159":" ","1160":" ","1161":" ","1162":" ","1163":":","1164":"k","1165":"e","1166":"y","1167":"=","1168":"\\","1169":"\"","1170":"m","1171":"e","1172":"n","1173":"u","1174":"I","1175":"t","1176":"e","1177":"m","1178":"\\","1179":"\"","1180":"\\","1181":"n","1182":" ","1183":" ","1184":" ","1185":" ","1186":" ","1187":" ","1188":" ","1189":" ","1190":" ","1191":" ","1192":" ","1193":" ","1194":" ","1195":" ","1196":"c","1197":"l","1198":"a","1199":"s","1200":"s","1201":"=","1202":"\\","1203":"\"","1204":"h","1205":"-","1206":"f","1207":"u","1208":"l","1209":"l","1210":" ","1211":"m","1212":"l","1213":"-","1214":"9","1215":"\\","1216":"\"","1217":"\\","1218":"n","1219":" ","1220":" ","1221":" ","1222":" ","1223":" ","1224":" ","1225":" ","1226":" ","1227":" ","1228":" ","1229":" ","1230":" ","1231":" ","1232":" ","1233":"d","1234":"a","1235":"t","1236":"a","1237":"-","1238":"t","1239":"e","1240":"s","1241":"t","1242":"=","1243":"\\","1244":"\"","1245":"m","1246":"a","1247":"i","1248":"n","1249":"-","1250":"n","1251":"a","1252":"v","1253":"-","1254":"l","1255":"i","1256":"s","1257":"t","1258":"-","1259":"i","1260":"t","1261":"e","1262":"m","1263":"\\","1264":"\"","1265":"\\","1266":"n","1267":" ","1268":" ","1269":" ","1270":" ","1271":" ","1272":" ","1273":" ","1274":" ","1275":" ","1276":" ","1277":" ","1278":" ","1279":">","1280":"\\","1281":"n","1282":" ","1283":" ","1284":" ","1285":" ","1286":" ","1287":" ","1288":" ","1289":" ","1290":" ","1291":" ","1292":" ","1293":" ","1294":" ","1295":" ","1296":"<","1297":"a","1298":" ","1299":"h","1300":"r","1301":"e","1302":"f","1303":"=","1304":"\\","1305":"\"","1306":"\\","1307":"\"","1308":" ","1309":"c","1310":"l","1311":"a","1312":"s","1313":"s","1314":"=","1315":"\\","1316":"\"","1317":"f","1318":"l","1319":"e","1320":"x","1321":" ","1322":"i","1323":"t","1324":"e","1325":"m","1326":"s","1327":"-","1328":"c","1329":"e","1330":"n","1331":"t","1332":"e","1333":"r","1334":" ","1335":"h","1336":"-","1337":"f","1338":"u","1339":"l","1340":"l","1341":" ","1342":"p","1343":"y","1344":"-","1345":"2","1346":".","1347":"5","1348":"\\","1349":"\"","1350":">","1351":"{","1352":"{","1353":"\\","1354":"n","1355":" ","1356":" ","1357":" ","1358":" ","1359":" ","1360":" ","1361":" ","1362":" ","1363":" ","1364":" ","1365":" ","1366":" ","1367":" ","1368":" ","1369":" ","1370":" ","1371":"m","1372":"e","1373":"n","1374":"u","1375":"I","1376":"t","1377":"e","1378":"m","1379":"\\","1380":"n","1381":" ","1382":" ","1383":" ","1384":" ","1385":" ","1386":" ","1387":" ","1388":" ","1389":" ","1390":" ","1391":" ","1392":" ","1393":" ","1394":" ","1395":"}","1396":"}","1397":"<","1398":"/","1399":"a","1400":">","1401":"\\","1402":"n","1403":" ","1404":" ","1405":" ","1406":" ","1407":" ","1408":" ","1409":" ","1410":" ","1411":" ","1412":" ","1413":" ","1414":" ","1415":"<","1416":"/","1417":"l","1418":"i","1419":">","1420":"\\","1421":"n","1422":" ","1423":" ","1424":" ","1425":" ","1426":" ","1427":" ","1428":" ","1429":" ","1430":" ","1431":" ","1432":"<","1433":"/","1434":"u","1435":"l","1436":">","1437":"\\","1438":"n","1439":" ","1440":" ","1441":" ","1442":" ","1443":" ","1444":" ","1445":" ","1446":" ","1447":"<","1448":"/","1449":"n","1450":"a","1451":"v","1452":">","1453":"\\","1454":"n","1455":" ","1456":" ","1457":" ","1458":" ","1459":" ","1460":" ","1461":" ","1462":" ","1463":"<","1464":"d","1465":"i","1466":"v","1467":" ","1468":"c","1469":"l","1470":"a","1471":"s","1472":"s","1473":"=","1474":"\\","1475":"\"","1476":"f","1477":"l","1478":"e","1479":"x","1480":" ","1481":"i","1482":"t","1483":"e","1484":"m","1485":"s","1486":"-","1487":"c","1488":"e","1489":"n","1490":"t","1491":"e","1492":"r","1493":" ","1494":"h","1495":"-","1496":"f","1497":"u","1498":"l","1499":"l","1500":" ","1501":"m","1502":"l","1503":"-","1504":"a","1505":"u","1506":"t","1507":"o","1508":"\\","1509":"\"","1510":">","1511":"\\","1512":"n","1513":" ","1514":" ","1515":" ","1516":" ","1517":" ","1518":" ","1519":" ","1520":" ","1521":" ","1522":" ","1523":"<","1524":"p","1525":"r","1526":"o","1527":"f","1528":"i","1529":"l","1530":"e","1531":"-","1532":"i","1533":"m","1534":"a","1535":"g","1536":"e","1537":" ","1538":"v","1539":"-","1540":"i","1541":"f","1542":"=","1543":"\\","1544":"\"","1545":"i","1546":"s","1547":"L","1548":"o","1549":"g","1550":"g","1551":"e","1552":"d","1553":"I","1554":"n","1555":"\\","1556":"\"","1557":" ","1558":"d","1559":"a","1560":"t","1561":"a","1562":"-","1563":"t","1564":"e","1565":"s","1566":"t","1567":"=","1568":"\\","1569":"\"","1570":"p","1571":"r","1572":"o","1573":"f","1574":"i","1575":"l","1576":"e","1577":"-","1578":"i","1579":"m","1580":"a","1581":"g","1582":"e","1583":"\\","1584":"\"","1585":" ","1586":"/","1587":">","1588":"\\","1589":"n","1590":" ","1591":" ","1592":" ","1593":" ","1594":" ","1595":" ","1596":" ","1597":" ","1598":" ","1599":" ","1600":"<","1601":"a","1602":"c","1603":"t","1604":"i","1605":"o","1606":"n","1607":"-","1608":"b","1609":"u","1610":"t","1611":"t","1612":"o","1613":"n","1614":" ","1615":"v","1616":"-","1617":"e","1618":"l","1619":"s","1620":"e","1621":" ","1622":"d","1623":"a","1624":"t","1625":"a","1626":"-","1627":"t","1628":"e","1629":"s","1630":"t","1631":"=","1632":"\\","1633":"\"","1634":"l","1635":"o","1636":"g","1637":"i","1638":"n","1639":"-","1640":"b","1641":"u","1642":"t","1643":"t","1644":"o","1645":"n","1646":"\\","1647":"\"","1648":" ","1649":"@","1650":":","1651":"c","1652":"l","1653":"i","1654":"c","1655":"k","1656":"=","1657":"\\","1658":"\"","1659":"l","1660":"o","1661":"g","1662":"i","1663":"n","1664":"U","1665":"s","1666":"e","1667":"r","1668":"\\","1669":"\"","1670":" ","1671":"/","1672":">","1673":"\\","1674":"n","1675":" ","1676":" ","1677":" ","1678":" ","1679":" ","1680":" ","1681":" ","1682":" ","1683":"<","1684":"/","1685":"d","1686":"i","1687":"v","1688":">","1689":"\\","1690":"n","1691":" ","1692":" ","1693":" ","1694":" ","1695":" ","1696":" ","1697":"<","1698":"/","1699":"d","1700":"i","1701":"v","1702":">","1703":"\\","1704":"n","1705":" ","1706":" ","1707":" ","1708":" ","1709":"<","1710":"/","1711":"d","1712":"i","1713":"v","1714":">","1715":"\\","1716":"n","1717":" ","1718":" ","1719":"<","1720":"/","1721":"h","1722":"e","1723":"a","1724":"d","1725":"e","1726":"r","1727":">","1728":"\\","1729":"n","1730":"<","1731":"/","1732":"t","1733":"e","1734":"m","1735":"p","1736":"l","1737":"a","1738":"t","1739":"e","1740":">","1741":"\\","1742":"n","1743":"\\","1744":"n","1745":"<","1746":"s","1747":"c","1748":"r","1749":"i","1750":"p","1751":"t","1752":">","1753":"\\","1754":"n","1755":"i","1756":"m","1757":"p","1758":"o","1759":"r","1760":"t","1761":" ","1762":"A","1763":"c","1764":"t","1765":"i","1766":"o","1767":"n","1768":"B","1769":"u","1770":"t","1771":"t","1772":"o","1773":"n","1774":" ","1775":"f","1776":"r","1777":"o","1778":"m","1779":" ","1780":"\\","1781":"\"","1782":"@","1783":"/","1784":"c","1785":"o","1786":"m","1787":"p","1788":"o","1789":"n","1790":"e","1791":"n","1792":"t","1793":"s","1794":"/","1795":"A","1796":"c","1797":"t","1798":"i","1799":"o","1800":"n","1801":"B","1802":"u","1803":"t","1804":"t","1805":"o","1806":"n","1807":".","1808":"v","1809":"u","1810":"e","1811":"\\","1812":"\"","1813":";","1814":"\\","1815":"n","1816":"i","1817":"m","1818":"p","1819":"o","1820":"r","1821":"t","1822":" ","1823":"P","1824":"r","1825":"o","1826":"f","1827":"i","1828":"l","1829":"e","1830":"I","1831":"m","1832":"a","1833":"g","1834":"e","1835":" ","1836":"f","1837":"r","1838":"o","1839":"m","1840":" ","1841":"\\","1842":"\"","1843":"@","1844":"/","1845":"c","1846":"o","1847":"m","1848":"p","1849":"o","1850":"n","1851":"e","1852":"n","1853":"t","1854":"s","1855":"/","1856":"P","1857":"r","1858":"o","1859":"f","1860":"i","1861":"l","1862":"e","1863":"I","1864":"m","1865":"a","1866":"g","1867":"e","1868":".","1869":"v","1870":"u","1871":"e","1872":"\\","1873":"\"","1874":";","1875":"\\","1876":"n","1877":"\\","1878":"n","1879":"e","1880":"x","1881":"p","1882":"o","1883":"r","1884":"t","1885":" ","1886":"d","1887":"e","1888":"f","1889":"a","1890":"u","1891":"l","1892":"t","1893":" ","1894":"{","1895":"\\","1896":"n","1897":" ","1898":" ","1899":"n","1900":"a","1901":"m","1902":"e","1903":":","1904":" ","1905":"\\","1906":"\"","1907":"M","1908":"a","1909":"i","1910":"n","1911":"N","1912":"a","1913":"v","1914":"\\","1915":"\"","1916":",","1917":"\\","1918":"n","1919":" ","1920":" ","1921":"c","1922":"o","1923":"m","1924":"p","1925":"o","1926":"n","1927":"e","1928":"n","1929":"t","1930":"s","1931":":","1932":" ","1933":"{","1934":"\\","1935":"n","1936":" ","1937":" ","1938":" ","1939":" ","1940":"A","1941":"c","1942":"t","1943":"i","1944":"o","1945":"n","1946":"B","1947":"u","1948":"t","1949":"t","1950":"o","1951":"n","1952":",","1953":"\\","1954":"n","1955":" ","1956":" ","1957":" ","1958":" ","1959":"P","1960":"r","1961":"o","1962":"f","1963":"i","1964":"l","1965":"e","1966":"I","1967":"m","1968":"a","1969":"g","1970":"e","1971":",","1972":"\\","1973":"n","1974":" ","1975":" ","1976":"}","1977":",","1978":"\\","1979":"n","1980":" ","1981":" ","1982":"d","1983":"a","1984":"t","1985":"a","1986":"(","1987":")","1988":" ","1989":"{","1990":"\\","1991":"n","1992":" ","1993":" ","1994":" ","1995":" ","1996":"r","1997":"e","1998":"t","1999":"u","2000":"r","2001":"n","2002":" ","2003":"{","2004":"\\","2005":"n","2006":" ","2007":" ","2008":" ","2009":" ","2010":" ","2011":" ","2012":"c","2013":"o","2014":"m","2015":"p","2016":"a","2017":"n","2018":"y","2019":":","2020":" ","2021":"\\","2022":"\"","2023":"B","2024":"o","2025":"b","2026":"o","2027":" ","2028":"C","2029":"a","2030":"r","2031":"e","2032":"e","2033":"r","2034":"s","2035":"\\","2036":"\"","2037":",","2038":"\\","2039":"n","2040":" ","2041":" ","2042":" ","2043":" ","2044":" ","2045":" ","2046":"u","2047":"r","2048":"l","2049":":","2050":" ","2051":"\\","2052":"\"","2053":"h","2054":"t","2055":"t","2056":"p","2057":"s","2058":":","2059":"/","2060":"/","2061":"c","2062":"a","2063":"r","2064":"e","2065":"e","2066":"r","2067":"s","2068":".","2069":"g","2070":"o","2071":"o","2072":"g","2073":"l","2074":"e","2075":".","2076":"c","2077":"o","2078":"m","2079":"\\","2080":"\"","2081":",","2082":"\\","2083":"n","2084":" ","2085":" ","2086":" ","2087":" ","2088":" ","2089":" ","2090":"m","2091":"e","2092":"n","2093":"u","2094":"I","2095":"t","2096":"e","2097":"m","2098":"s","2099":":","2100":" ","2101":"[","2102":"\\","2103":"n","2104":" ","2105":" ","2106":" ","2107":" ","2108":" ","2109":" ","2110":" ","2111":" ","2112":"\\","2113":"\"","2114":"T","2115":"e","2116":"a","2117":"m","2118":"s","2119":"\\","2120":"\"","2121":",","2122":"\\","2123":"n","2124":" ","2125":" ","2126":" ","2127":" ","2128":" ","2129":" ","2130":" ","2131":" ","2132":"\\","2133":"\"","2134":"L","2135":"o","2136":"c","2137":"a","2138":"t","2139":"i","2140":"o","2141":"n","2142":"s","2143":"\\","2144":"\"","2145":",","2146":"\\","2147":"n","2148":" ","2149":" ","2150":" ","2151":" ","2152":" ","2153":" ","2154":" ","2155":" ","2156":"\\","2157":"\"","2158":"L","2159":"i","2160":"f","2161":"e","2162":" ","2163":"a","2164":"t","2165":" ","2166":"B","2167":"o","2168":"b","2169":"o","2170":"\\","2171":"\"","2172":",","2173":"\\","2174":"n","2175":" ","2176":" ","2177":" ","2178":" ","2179":" ","2180":" ","2181":" ","2182":" ","2183":"\\","2184":"\"","2185":"H","2186":"o","2187":"w","2188":" ","2189":"w","2190":"e","2191":" ","2192":"h","2193":"i","2194":"r","2195":"e","2196":"\\","2197":"\"","2198":",","2199":"\\","2200":"n","2201":" ","2202":" ","2203":" ","2204":" ","2205":" ","2206":" ","2207":" ","2208":" ","2209":"\\","2210":"\"","2211":"S","2212":"t","2213":"u","2214":"d","2215":"e","2216":"n","2217":"t","2218":"s","2219":"\\","2220":"\"","2221":",","2222":"\\","2223":"n","2224":" ","2225":" ","2226":" ","2227":" ","2228":" ","2229":" ","2230":" ","2231":" ","2232":"\\","2233":"\"","2234":"J","2235":"o","2236":"b","2237":"s","2238":"\\","2239":"\"","2240":",","2241":"\\","2242":"n","2243":" ","2244":" ","2245":" ","2246":" ","2247":" ","2248":" ","2249":"]","2250":",","2251":"\\","2252":"n","2253":" ","2254":" ","2255":" ","2256":" ","2257":" ","2258":" ","2259":"i","2260":"s","2261":"L","2262":"o","2263":"g","2264":"g","2265":"e","2266":"d","2267":"I","2268":"n","2269":":","2270":" ","2271":"f","2272":"a","2273":"l","2274":"s","2275":"e","2276":",","2277":"\\","2278":"n","2279":" ","2280":" ","2281":" ","2282":" ","2283":"}","2284":";","2285":"\\","2286":"n","2287":" ","2288":" ","2289":"}","2290":",","2291":"\\","2292":"n","2293":" ","2294":" ","2295":"m","2296":"e","2297":"t","2298":"h","2299":"o","2300":"d","2301":"s","2302":":","2303":" ","2304":"{","2305":"\\","2306":"n","2307":" ","2308":" ","2309":" ","2310":" ","2311":"l","2312":"o","2313":"g","2314":"i","2315":"n","2316":"U","2317":"s","2318":"e","2319":"r","2320":"(","2321":")","2322":" ","2323":"{","2324":"\\","2325":"n","2326":" ","2327":" ","2328":" ","2329":" ","2330":" ","2331":" ","2332":"t","2333":"h","2334":"i","2335":"s","2336":".","2337":"i","2338":"s","2339":"L","2340":"o","2341":"g","2342":"g","2343":"e","2344":"d","2345":"I","2346":"n","2347":" ","2348":"=","2349":" ","2350":"t","2351":"r","2352":"u","2353":"e","2354":";","2355":"\\","2356":"n","2357":" ","2358":" ","2359":" ","2360":" ","2361":"}","2362":",","2363":"\\","2364":"n","2365":" ","2366":" ","2367":"}","2368":",","2369":"\\","2370":"n","2371":"}","2372":";","2373":"\\","2374":"n","2375":"<","2376":"/","2377":"s","2378":"c","2379":"r","2380":"i","2381":"p","2382":"t","2383":">","2384":"\\","2385":"n","2386":"\"","2387":"]","2388":"}"},"_coverageSchema":"1a1c01bbd47fc00a2c39e90264f33305004495a9","hash":"9e2576ed04cde2a4621e9b0186cc280bfff5bf64"}
,"/Users/ricardo/Sites/sandbox/job-search/src/components/ProfileImage.vue": {"path":"/Users/ricardo/Sites/sandbox/job-search/src/components/ProfileImage.vue","statementMap":{"0":{"start":{"line":4,"column":0},"end":{"line":6,"column":3}},"1":{"start":{"line":7,"column":0},"end":{"line":7,"column":25}},"2":{"start":{"line":8,"column":15},"end":{"line":15,"column":1}},"3":{"start":{"line":11,"column":4},"end":{"line":13,"column":6}},"4":{"start":{"line":18,"column":0},"end":{"line":18,"column":13}},"5":{"start":{"line":20,"column":0},"end":{"line":22,"column":3}},"6":{"start":{"line":23,"column":0},"end":{"line":23,"column":24}},"7":{"start":{"line":24,"column":11},"end":{"line":24,"column":25}},"8":{"start":{"line":25,"column":19},"end":{"line":25,"column":26}},"9":{"start":{"line":27,"column":2},"end":{"line":30,"column":38}},"10":{"start":{"line":31,"column":2},"end":{"line":31,"column":49}}},"fnMap":{"0":{"name":"(anonymous_0)","decl":{"start":{"line":10,"column":2},"end":{"line":10,"column":3}},"loc":{"start":{"line":10,"column":9},"end":{"line":14,"column":3}},"line":10},"1":{"name":"render","decl":{"start":{"line":26,"column":9},"end":{"line":26,"column":15}},"loc":{"start":{"line":26,"column":30},"end":{"line":31,"column":1}},"line":26}},"branchMap":{},"s":{"0":1,"1":1,"2":1,"3":1,"4":1,"5":1,"6":1,"7":1,"8":1,"9":1,"10":1},"f":{"0":1,"1":1},"b":{},"inputSourceMap":{"0":"{","1":"\"","2":"v","3":"e","4":"r","5":"s","6":"i","7":"o","8":"n","9":"\"","10":":","11":"3","12":",","13":"\"","14":"s","15":"o","16":"u","17":"r","18":"c","19":"e","20":"s","21":"\"","22":":","23":"[","24":"\"","25":"/","26":"U","27":"s","28":"e","29":"r","30":"s","31":"/","32":"r","33":"i","34":"c","35":"a","36":"r","37":"d","38":"o","39":"/","40":"S","41":"i","42":"t","43":"e","44":"s","45":"/","46":"s","47":"a","48":"n","49":"d","50":"b","51":"o","52":"x","53":"/","54":"j","55":"o","56":"b","57":"-","58":"s","59":"e","60":"a","61":"r","62":"c","63":"h","64":"/","65":"s","66":"r","67":"c","68":"/","69":"c","70":"o","71":"m","72":"p","73":"o","74":"n","75":"e","76":"n","77":"t","78":"s","79":"/","80":"P","81":"r","82":"o","83":"f","84":"i","85":"l","86":"e","87":"I","88":"m","89":"a","90":"g","91":"e","92":".","93":"v","94":"u","95":"e","96":"\"","97":"]","98":",","99":"\"","100":"n","101":"a","102":"m","103":"e","104":"s","105":"\"","106":":","107":"[","108":"]","109":",","110":"\"","111":"m","112":"a","113":"p","114":"p","115":"i","116":"n","117":"g","118":"s","119":"\"","120":":","121":"\"","122":";","123":";","124":";","125":";","126":";","127":";","128":";","129":"e","130":"A","131":"K","132":"e","133":";","134":"E","135":"A","136":"C","137":"b","138":",","139":"I","140":"A","141":"A","142":"I","143":",","144":"E","145":"A","146":"A","147":"E","148":",","149":"c","150":"A","151":"A","152":"c","153":";","154":"E","155":"A","156":"C","157":"p","158":"B","159":",","160":"I","161":"A","162":"A","163":"I","164":",","165":"G","166":"A","167":"A","168":"G","169":";","170":"I","171":"A","172":"C","173":"L","174":",","175":"O","176":"A","177":"A","178":"O","179":";","180":"M","181":"A","182":"C","183":"L","184":",","185":"S","186":"A","187":"A","188":"S","189":",","190":"E","191":"A","192":"C","193":"P","194":";","195":"I","196":"A","197":"C","198":"J","199":",","200":"C","201":"A","202":"A","203":"C","204":";","205":"E","206":"A","207":"C","208":"H","209":";","210":"A","211":"A","212":"C","213":"F","214":",","215":"C","216":"A","217":"A","218":"C","219":";","220":"A","221":"A","222":"A","223":"A","224":";","225":"A","226":"A","227":"A","228":"A","229":"\"","230":",","231":"\"","232":"f","233":"i","234":"l","235":"e","236":"\"","237":":","238":"\"","239":"/","240":"U","241":"s","242":"e","243":"r","244":"s","245":"/","246":"r","247":"i","248":"c","249":"a","250":"r","251":"d","252":"o","253":"/","254":"S","255":"i","256":"t","257":"e","258":"s","259":"/","260":"s","261":"a","262":"n","263":"d","264":"b","265":"o","266":"x","267":"/","268":"j","269":"o","270":"b","271":"-","272":"s","273":"e","274":"a","275":"r","276":"c","277":"h","278":"/","279":"s","280":"r","281":"c","282":"/","283":"c","284":"o","285":"m","286":"p","287":"o","288":"n","289":"e","290":"n","291":"t","292":"s","293":"/","294":"P","295":"r","296":"o","297":"f","298":"i","299":"l","300":"e","301":"I","302":"m","303":"a","304":"g","305":"e","306":".","307":"v","308":"u","309":"e","310":"\"","311":",","312":"\"","313":"s","314":"o","315":"u","316":"r","317":"c","318":"e","319":"s","320":"C","321":"o","322":"n","323":"t","324":"e","325":"n","326":"t","327":"\"","328":":","329":"[","330":"\"","331":"<","332":"t","333":"e","334":"m","335":"p","336":"l","337":"a","338":"t","339":"e","340":">","341":"\\","342":"n","343":" ","344":" ","345":"<","346":"i","347":"m","348":"g","349":" ","350":":","351":"s","352":"r","353":"c","354":"=","355":"\\","356":"\"","357":"i","358":"m","359":"a","360":"g","361":"e","362":"L","363":"i","364":"n","365":"k","366":"\\","367":"\"","368":" ","369":"c","370":"l","371":"a","372":"s","373":"s","374":"=","375":"\\","376":"\"","377":"w","378":"-","379":"8","380":" ","381":"h","382":"-","383":"8","384":" ","385":"o","386":"b","387":"j","388":"e","389":"c","390":"t","391":"-","392":"c","393":"o","394":"n","395":"t","396":"a","397":"i","398":"n","399":" ","400":"r","401":"o","402":"u","403":"n","404":"d","405":"e","406":"d","407":"-","408":"3","409":"x","410":"l","411":"\\","412":"\"","413":" ","414":"/","415":">","416":"\\","417":"n","418":"<","419":"/","420":"t","421":"e","422":"m","423":"p","424":"l","425":"a","426":"t","427":"e","428":">","429":"\\","430":"n","431":"\\","432":"n","433":"<","434":"s","435":"c","436":"r","437":"i","438":"p","439":"t","440":">","441":"\\","442":"n","443":"e","444":"x","445":"p","446":"o","447":"r","448":"t","449":" ","450":"d","451":"e","452":"f","453":"a","454":"u","455":"l","456":"t","457":" ","458":"{","459":"\\","460":"n","461":" ","462":" ","463":"n","464":"a","465":"m","466":"e","467":":","468":" ","469":"\\","470":"\"","471":"P","472":"r","473":"o","474":"f","475":"i","476":"l","477":"e","478":"I","479":"m","480":"a","481":"g","482":"e","483":"\\","484":"\"","485":",","486":"\\","487":"n","488":" ","489":" ","490":"d","491":"a","492":"t","493":"a","494":"(","495":")","496":" ","497":"{","498":"\\","499":"n","500":" ","501":" ","502":" ","503":" ","504":"r","505":"e","506":"t","507":"u","508":"r","509":"n","510":" ","511":"{","512":"\\","513":"n","514":" ","515":" ","516":" ","517":" ","518":" ","519":" ","520":"i","521":"m","522":"a","523":"g","524":"e","525":"L","526":"i","527":"n","528":"k","529":":","530":"\\","531":"n","532":" ","533":" ","534":" ","535":" ","536":" ","537":" ","538":" ","539":" ","540":"\\","541":"\"","542":"h","543":"t","544":"t","545":"p","546":"s","547":":","548":"/","549":"/","550":"w","551":"w","552":"w","553":".","554":"p","555":"n","556":"g","557":"i","558":"t","559":"e","560":"m","561":".","562":"c","563":"o","564":"m","565":"/","566":"p","567":"i","568":"m","569":"g","570":"s","571":"/","572":"m","573":"/","574":"4","575":"8","576":"7","577":"-","578":"4","579":"8","580":"7","581":"6","582":"4","583":"1","584":"7","585":"_","586":"l","587":"i","588":"n","589":"k","590":"-","591":"h","592":"e","593":"a","594":"d","595":"-","596":"p","597":"n","598":"g","599":"-","600":"t","601":"o","602":"o","603":"n","604":"-","605":"l","606":"i","607":"n","608":"k","609":"-","610":"f","611":"a","612":"c","613":"e","614":"-","615":"p","616":"n","617":"g","618":"-","619":"t","620":"r","621":"a","622":"n","623":"s","624":"p","625":"a","626":"r","627":"e","628":"n","629":"t","630":".","631":"p","632":"n","633":"g","634":"\\","635":"\"","636":",","637":"\\","638":"n","639":" ","640":" ","641":" ","642":" ","643":"}","644":";","645":"\\","646":"n","647":" ","648":" ","649":"}","650":",","651":"\\","652":"n","653":"}","654":";","655":"\\","656":"n","657":"<","658":"/","659":"s","660":"c","661":"r","662":"i","663":"p","664":"t","665":">","666":"\\","667":"n","668":"\"","669":"]","670":"}"},"_coverageSchema":"1a1c01bbd47fc00a2c39e90264f33305004495a9","hash":"a04177bed198350f8a2c8360f70da1862b9e5396"}
}
